<?xml version="1.0" encoding="UTF-8"?>
<!-- Generated by org.testng.reporters.JUnitReportReporter -->
<testsuite hostname="DESKTOP-AMAR" failures="0" tests="1" name="com.crm.Sdet.product.CreateandDeleteProductByGeneric" time="20.980" errors="0" timestamp="2022-08-04T16:20:02 IST" skipped="0">
  <testcase classname="com.crm.Sdet.product.CreateandDeleteProductByGeneric" name="CreateAndDeleteProduct" time="20.980"/>
  <system-out/>
</testsuite> <!-- com.crm.Sdet.product.CreateandDeleteProductByGeneric -->
