<?xml version="1.0" encoding="UTF-8"?>
<!-- Generated by org.testng.reporters.JUnitReportReporter -->
<testsuite hostname="DESKTOP-AMAR" failures="0" tests="1" name="com.crm.Sdet.product.CreateProductByGeneric" time="17.653" errors="0" timestamp="2022-08-04T16:21:21 IST" skipped="0">
  <testcase classname="com.crm.Sdet.product.CreateProductByGeneric" name="CreateProduct" time="17.653"/>
  <system-out/>
</testsuite> <!-- com.crm.Sdet.product.CreateProductByGeneric -->
