<?xml version="1.0" encoding="UTF-8"?>
<!-- Generated by org.testng.reporters.JUnitReportReporter -->
<testsuite hostname="DESKTOP-AMAR" failures="0" tests="1" name="com.crm.Sdet.organisation.CreateOrganisationByGeneric" time="18.952" errors="0" timestamp="2022-08-04T16:18:55 IST" skipped="0">
  <testcase classname="com.crm.Sdet.organisation.CreateOrganisationByGeneric" name="CreateOrganisation" time="18.952"/>
  <system-out/>
</testsuite> <!-- com.crm.Sdet.organisation.CreateOrganisationByGeneric -->
