<?xml version="1.0" encoding="UTF-8"?>
<!-- Generated by org.testng.reporters.JUnitReportReporter -->
<testsuite hostname="DESKTOP-AMAR" failures="0" tests="1" name="com.crm.Sdet.campaign.CampaignToProductGeneric" time="45.498" errors="0" timestamp="2022-08-06T20:48:44 IST" skipped="0">
  <testcase classname="com.crm.Sdet.campaign.CampaignToProductGeneric" name="CreateCampaignToProduct" time="45.498"/>
  <system-out/>
</testsuite> <!-- com.crm.Sdet.campaign.CampaignToProductGeneric -->
