<?xml version="1.0" encoding="UTF-8"?>
<!-- Generated by org.testng.reporters.JUnitReportReporter -->
<testsuite hostname="DESKTOP-AMAR" failures="0" tests="1" name="com.crm.Sdet.product.CreateandDeleteProductByGenericTest" time="18.109" errors="0" timestamp="2022-08-11T14:46:12 IST" skipped="0">
  <testcase classname="com.crm.Sdet.product.CreateandDeleteProductByGenericTest" name="CreateAndDeleteProduct" time="18.109"/>
  <system-out/>
</testsuite> <!-- com.crm.Sdet.product.CreateandDeleteProductByGenericTest -->
