<?xml version="1.0" encoding="UTF-8"?>
<!-- Generated by org.testng.reporters.JUnitReportReporter -->
<testsuite hostname="DESKTOP-AMAR" failures="0" tests="1" name="com.crm.Sdet.campaign.CampaignToProductGenericTest" time="28.883" errors="0" timestamp="2022-08-15T16:26:50 IST" skipped="0">
  <testcase classname="com.crm.Sdet.campaign.CampaignToProductGenericTest" name="CreateCampaignToProduct" time="28.883"/>
  <system-out/>
</testsuite> <!-- com.crm.Sdet.campaign.CampaignToProductGenericTest -->
