<?xml version="1.0" encoding="UTF-8"?>
<!-- Generated by org.testng.reporters.JUnitReportReporter -->
<testsuite hostname="DESKTOP-AMAR" failures="0" tests="1" name="com.crm.Sdet.campaign.CreateCampaignByGenericTest" time="15.116" errors="0" timestamp="2022-08-11T14:47:19 IST" skipped="0">
  <testcase classname="com.crm.Sdet.campaign.CreateCampaignByGenericTest" name="CreateCampaign" time="15.116"/>
  <system-out/>
</testsuite> <!-- com.crm.Sdet.campaign.CreateCampaignByGenericTest -->
