<?xml version="1.0" encoding="UTF-8"?>
<!-- Generated by org.testng.reporters.JUnitReportReporter -->
<testsuite hostname="DESKTOP-AMAR" failures="0" tests="1" name="com.crm.Sdet.organisation.CreateOrganisationByGenericTest" time="17.418" errors="0" timestamp="2022-08-11T14:46:50 IST" skipped="0">
  <testcase classname="com.crm.Sdet.organisation.CreateOrganisationByGenericTest" name="CreateOrganisation" time="17.418"/>
  <system-out/>
</testsuite> <!-- com.crm.Sdet.organisation.CreateOrganisationByGenericTest -->
