<?xml version="1.0" encoding="UTF-8"?>
<!-- Generated by org.testng.reporters.JUnitReportReporter -->
<testsuite hostname="DESKTOP-AMAR" failures="0" tests="1" name="com.crm.Sdet.campaign.CampaignToProductGenericTest" time="25.938" errors="0" timestamp="2022-08-11T14:48:03 IST" skipped="0">
  <testcase classname="com.crm.Sdet.campaign.CampaignToProductGenericTest" name="CreateCampaignToProduct" time="25.938"/>
  <system-out/>
</testsuite> <!-- com.crm.Sdet.campaign.CampaignToProductGenericTest -->
