<?xml version="1.0" encoding="UTF-8"?>
<!-- Generated by org.testng.reporters.JUnitReportReporter -->
<testsuite hostname="DESKTOP-AMAR" failures="0" tests="1" name="com.crm.Sdet.product.CreateProductByGenericTest" time="14.216" errors="0" timestamp="2022-08-11T14:45:38 IST" skipped="0">
  <testcase classname="com.crm.Sdet.product.CreateProductByGenericTest" name="CreateProduct" time="14.216"/>
  <system-out/>
</testsuite> <!-- com.crm.Sdet.product.CreateProductByGenericTest -->
